build/app/outputs/mapping/release/mapping.txt
# compiler: R8
# compiler_version: 1.5.64
# min_api: 16
# pg_map_id: c22eaec
...
com.google.android.gms.internal.measurement.zzp -> b.a.a.a.e.h.zc:
    void zza(android.os.Bundle) -> a
com.google.android.gms.internal.measurement.zzq -> b.a.a.a.e.h.ad:
    boolean zza(int,android.os.Parcel,android.os.Parcel,int) -> a
com.google.android.gms.internal.measurement.zzs -> b.a.a.a.e.h.bd:
    void zza(java.lang.String,java.lang.String,android.os.Bundle,long) -> a
    int zza() -> f
com.google.android.gms.internal.measurement.zzt -> b.a.a.a.e.h.cd:
com.google.android.gms.internal.measurement.zzu -> b.a.a.a.e.h.dd:
    void zza(java.lang.String,java.lang.String,android.os.Bundle,long) -> a
    int zza() -> f
com.google.android.gms.internal.measurement.zzv -> b.a.a.a.e.h.ed:
    java.lang.String zzf -> f
    long zzb -> b
    android.os.Bundle zzg -> g
    long zza -> a
    boolean zzc -> c
    java.lang.String zze -> e
    java.lang.String zzd -> d
com.google.android.gms.internal.measurement.zzw -> b.a.a.a.e.h.fd:
com.google.android.gms.internal.measurement.zzx -> b.a.a.a.e.h.gd:
    java.lang.Boolean zzk -> l
    java.lang.Boolean zzh -> i
    boolean zzj -> k
    java.lang.String zzl -> m
    java.lang.Boolean zzi -> j
    com.google.android.gms.common.util.Clock zza -> b
    java.lang.String zzm -> n
    com.google.android.gms.internal.measurement.zzx zzb -> h
    int zzg -> e
    com.google.android.gms.internal.measurement.zzm zzr -> g
    java.util.List zzf -> d
    boolean zzp -> f
    java.lang.String zzc -> a
    java.util.concurrent.ExecutorService zzd -> c
    com.google.android.gms.internal.measurement.zzm zza(android.content.Context,boolean) -> a
    com.google.android.gms.internal.measurement.zzm zza(com.google.android.gms.internal.measurement.zzx,com.google.android.gms.internal.measurement.zzm) -> a
    com.google.android.gms.internal.measurement.zzx zza(android.content.Context) -> a
    com.google.android.gms.internal.measurement.zzx zza(android.content.Context,java.lang.String,java.lang.String,java.lang.String,android.os.Bundle) -> a
    java.util.List zza(com.google.android.gms.internal.measurement.zzx,java.util.List) -> a
    java.util.Map zza(java.lang.String,java.lang.String,boolean) -> a
    void zza(int,java.lang.String,java.lang.Object,java.lang.Object,java.lang.Object) -> a
    void zza(android.app.Activity,java.lang.String,java.lang.String) -> a
    void zza(android.os.Bundle) -> a
    void zza(com.google.android.gms.internal.measurement.zzx$zza) -> a
com.google.android.gms.internal.measurement.zzx$zza -> b.a.a.a.e.h.gd$a:
    com.google.android.gms.internal.measurement.zzx zzd -> d
    long zzb -> b
    long zza -> a
    boolean zzc -> c
    void zza() -> a
    void zzb() -> b
com.google.android.gms.internal.measurement.zzx$zzd -> b.a.a.a.e.h.gd$b:
    com.google.android.gms.internal.measurement.zzx zza -> a
com.google.android.gms.internal.measurement.zzy -> b.a.a.a.e.h.hd:
com.google.android.gms.internal.measurement.zzz -> b.a.a.a.e.h.id:
    java.lang.String zzd -> f
    android.os.Bundle zze -> g
    com.google.android.gms.internal.measurement.zzx zzf -> h
    java.lang.String zzc -> e
    void zza() -> a
com.google.android.gms.measurement.AppMeasurement -> com.google.android.gms.measurement.AppMeasurement:
    com.google.android.gms.measurement.internal.zzgf zzb -> a
    com.google.android.gms.measurement.internal.zzif zzc -> b
    com.google.android.gms.measurement.AppMeasurement zza -> d
    boolean zzd -> c
    com.google.android.gms.measurement.AppMeasurement zza(android.content.Context,android.os.Bundle) -> a
    com.google.android.gms.measurement.AppMeasurement zza(android.content.Context,java.lang.String,java.lang.String) -> a
    void zza(boolean) -> a
    com.google.android.gms.measurement.internal.zzif zzb(android.content.Context,android.os.Bundle) -> b